2025-08-07 14:29:20,767 - INFO - Loading data...
2025-08-07 14:29:21,416 - INFO - Building graph...
2025-08-07 14:29:22,038 - INFO - Preparing datasets...
2025-08-07 14:29:22,761 - INFO - Filtered 0 invalid pairs
2025-08-07 14:29:22,827 - INFO - Filtered 37415 invalid pairs
2025-08-07 14:29:22,983 - INFO - Starting training...
2025-08-07 14:34:31,138 - INFO - Loading data...
2025-08-07 14:34:31,849 - INFO - Building graph...
2025-08-07 14:34:32,481 - INFO - Preparing datasets...
2025-08-07 14:34:33,219 - INFO - Filtered 0 invalid pairs
2025-08-07 14:34:33,290 - INFO - Filtered 37415 invalid pairs
2025-08-07 14:34:33,474 - INFO - Starting training...
2025-08-07 15:45:33,148 - INFO - Loading data...
2025-08-07 15:45:33,996 - INFO - Building graph...
2025-08-07 15:45:34,684 - INFO - Preparing datasets...
2025-08-07 15:45:35,570 - INFO - Filtered 0 invalid pairs
2025-08-07 15:45:35,696 - INFO - Filtered 37415 invalid pairs
2025-08-07 15:45:36,227 - INFO - Starting training...
2025-08-07 15:48:34,712 - INFO - Loading data...
2025-08-07 15:48:36,374 - INFO - Building graph...
2025-08-07 15:48:37,564 - INFO - Preparing datasets...
2025-08-07 15:48:38,714 - INFO - Filtered 0 invalid pairs
2025-08-07 15:48:38,797 - INFO - Filtered 37415 invalid pairs
2025-08-07 15:48:39,258 - INFO - Starting training...
2025-08-07 15:51:24,321 - INFO - Loading data...
2025-08-07 15:51:25,121 - INFO - Building graph...
2025-08-07 15:51:25,791 - INFO - Preparing datasets...
2025-08-07 15:51:26,774 - INFO - Filtered 0 invalid pairs
2025-08-07 15:51:26,859 - INFO - Filtered 37415 invalid pairs
2025-08-07 15:51:27,304 - INFO - Starting training...
2025-08-07 16:00:41,267 - INFO - GPU доступно!
2025-08-07 16:00:41,269 - INFO - Device Name: NVIDIA GeForce RTX 3060 Laptop GPU
2025-08-07 16:00:41,269 - INFO - Loading data...
2025-08-07 16:00:41,990 - INFO - Building graph...
2025-08-07 16:00:42,668 - INFO - Preparing datasets...
2025-08-07 16:00:43,737 - INFO - Filtered 0 invalid pairs
2025-08-07 16:00:43,814 - INFO - Filtered 37415 invalid pairs
2025-08-07 16:00:44,197 - INFO - Starting training...
2025-08-07 16:00:48,087 - INFO - GPU доступно!
2025-08-07 16:00:48,089 - INFO - Device Name: NVIDIA GeForce RTX 3060 Laptop GPU
2025-08-07 16:00:52,903 - INFO - GPU доступно!
2025-08-07 16:00:52,906 - INFO - Device Name: NVIDIA GeForce RTX 3060 Laptop GPU
2025-08-07 16:01:00,194 - INFO - GPU доступно!
2025-08-07 16:01:00,196 - INFO - Device Name: NVIDIA GeForce RTX 3060 Laptop GPU
2025-08-07 16:01:07,011 - INFO - GPU доступно!
2025-08-07 16:01:07,013 - INFO - Device Name: NVIDIA GeForce RTX 3060 Laptop GPU
2025-08-07 16:03:06,116 - INFO - GPU доступно!
2025-08-07 16:03:06,117 - INFO - Device Name: NVIDIA GeForce RTX 3060 Laptop GPU
2025-08-07 16:03:06,117 - INFO - Loading data...
2025-08-07 16:03:06,843 - INFO - Building graph...
2025-08-07 16:03:07,610 - INFO - Preparing datasets...
2025-08-07 16:03:08,777 - INFO - Filtered 0 invalid pairs
2025-08-07 16:03:08,871 - INFO - Filtered 37415 invalid pairs
2025-08-07 16:03:09,420 - INFO - Starting training...
2025-08-07 16:04:58,403 - INFO - GPU доступно!
2025-08-07 16:04:58,405 - INFO - Device Name: NVIDIA GeForce RTX 3060 Laptop GPU
2025-08-07 16:04:58,406 - INFO - Loading data...
2025-08-07 16:04:59,527 - INFO - Building graph...
2025-08-07 16:05:00,616 - INFO - Preparing datasets...
2025-08-07 16:05:01,665 - INFO - Filtered 0 invalid pairs
2025-08-07 16:05:01,807 - INFO - Filtered 37415 invalid pairs
2025-08-07 16:05:02,460 - INFO - Starting training...
